app/build/intermediates/manifest_merge_blame_file/debug/manifest-merger-blame-debug-report.txt
1<?xml version="1.0" encoding="utf-8"?>
2<manifest xmlns:android="http://schemas.android.com/apk/res/android"
3    package="com.techvista.apnajanver"
4    android:versionCode="1"
5    android:versionName="1.0" >
6
7    <uses-sdk
8        android:minSdkVersion="21"
8-->src\main\AndroidManifest.xml
9        android:targetSdkVersion="34" />
9-->src\main\AndroidManifest.xml
10
11    <uses-permission android:name="android.permission.INTERNET" />
11-->src\main\AndroidManifest.xml:5:5-67
11-->src\main\AndroidManifest.xml:5:22-64
12    <uses-permission android:name="android.permission.RECORD_AUDIO" />
12-->src\main\AndroidManifest.xml:6:5-71
12-->src\main\AndroidManifest.xml:6:22-68
13
14    <application
14-->src\main\AndroidManifest.xml:8:5-70:19
15        android:name="com.techvista.apnajanver.api.RetrofitClientApplication"
15-->src\main\AndroidManifest.xml:9:9-54
16        android:allowBackup="true"
16-->src\main\AndroidManifest.xml:10:9-35
17        android:appComponentFactory="androidx.core.app.CoreComponentFactory"
17-->[androidx.core:core:1.8.0] AndroidManifest.xml:24:18-86
18        android:debuggable="true"
19        android:icon="@mipmap/ic_launcher"
19-->src\main\AndroidManifest.xml:11:9-43
20        android:label="@string/app_name"
20-->src\main\AndroidManifest.xml:12:9-41
21        android:roundIcon="@mipmap/ic_launcher_round"
21-->src\main\AndroidManifest.xml:13:9-54
22        android:supportsRtl="true"
22-->src\main\AndroidManifest.xml:14:9-35
23        android:testOnly="true"
24        android:theme="@style/Theme.MVVMTest" >
24-->src\main\AndroidManifest.xml:15:9-46
25        <activity
25-->src\main\AndroidManifest.xml:16:9-18:40
26            android:name="com.techvista.apnajanver.Activity.ChatMammberListActivity"
26-->src\main\AndroidManifest.xml:17:13-61
27            android:exported="false" />
27-->src\main\AndroidManifest.xml:18:13-37
28        <activity
28-->src\main\AndroidManifest.xml:19:9-21:40
29            android:name="com.techvista.apnajanver.Activity.CheatingActivity"
29-->src\main\AndroidManifest.xml:20:13-54
30            android:exported="false" />
30-->src\main\AndroidManifest.xml:21:13-37
31        <activity
31-->src\main\AndroidManifest.xml:22:9-24:40
32            android:name="com.techvista.apnajanver.Activity.SellActivity"
32-->src\main\AndroidManifest.xml:23:13-50
33            android:exported="false" />
33-->src\main\AndroidManifest.xml:24:13-37
34        <activity
34-->src\main\AndroidManifest.xml:25:9-27:40
35            android:name="com.techvista.apnajanver.Activity.AllNearByActivity"
35-->src\main\AndroidManifest.xml:26:13-55
36            android:exported="false" />
36-->src\main\AndroidManifest.xml:27:13-37
37        <activity
37-->src\main\AndroidManifest.xml:28:9-30:40
38            android:name="com.techvista.apnajanver.Activity.AboutActivity"
38-->src\main\AndroidManifest.xml:29:13-51
39            android:exported="false" />
39-->src\main\AndroidManifest.xml:30:13-37
40        <activity
40-->src\main\AndroidManifest.xml:31:9-33:40
41            android:name="com.techvista.apnajanver.Activity.ContactUsActivity"
41-->src\main\AndroidManifest.xml:32:13-55
42            android:exported="false" />
42-->src\main\AndroidManifest.xml:33:13-37
43        <activity
43-->src\main\AndroidManifest.xml:34:9-36:40
44            android:name="com.techvista.apnajanver.Activity.WithdrawActivity"
44-->src\main\AndroidManifest.xml:35:13-54
45            android:exported="false" />
45-->src\main\AndroidManifest.xml:36:13-37
46        <activity
46-->src\main\AndroidManifest.xml:37:9-39:40
47            android:name="com.techvista.apnajanver.Activity.WalletActivity"
47-->src\main\AndroidManifest.xml:38:13-52
48            android:exported="false" />
48-->src\main\AndroidManifest.xml:39:13-37
49        <activity
49-->src\main\AndroidManifest.xml:40:9-42:40
50            android:name="com.techvista.apnajanver.Activity.MyBookingActivity"
50-->src\main\AndroidManifest.xml:41:13-55
51            android:exported="false" />
51-->src\main\AndroidManifest.xml:42:13-37
52        <activity
52-->src\main\AndroidManifest.xml:43:9-45:40
53            android:name="com.techvista.apnajanver.Activity.SearchActivity"
53-->src\main\AndroidManifest.xml:44:13-52
54            android:exported="false" />
54-->src\main\AndroidManifest.xml:45:13-37
55        <activity
55-->src\main\AndroidManifest.xml:46:9-48:40
56            android:name="com.techvista.apnajanver.Activity.CategoryFullActivity"
56-->src\main\AndroidManifest.xml:47:13-58
57            android:exported="false" />
57-->src\main\AndroidManifest.xml:48:13-37
58        <activity
58-->src\main\AndroidManifest.xml:49:9-51:40
59            android:name="com.techvista.apnajanver.Activity.FullviewActivity"
59-->src\main\AndroidManifest.xml:50:13-54
60            android:exported="false" />
60-->src\main\AndroidManifest.xml:51:13-37
61        <activity
61-->src\main\AndroidManifest.xml:52:9-54:40
62            android:name="com.techvista.apnajanver.Activity.SubCategoryActivity"
62-->src\main\AndroidManifest.xml:53:13-57
63            android:exported="false" />
63-->src\main\AndroidManifest.xml:54:13-37
64        <activity
64-->src\main\AndroidManifest.xml:55:9-57:40
65            android:name="com.techvista.apnajanver.Activity.LoginActivity"
65-->src\main\AndroidManifest.xml:56:13-51
66            android:exported="false" />
66-->src\main\AndroidManifest.xml:57:13-37
67        <activity
67-->src\main\AndroidManifest.xml:58:9-66:20
68            android:name="com.techvista.apnajanver.Activity.SplaseScreenActivity"
68-->src\main\AndroidManifest.xml:59:13-58
69            android:exported="true" >
69-->src\main\AndroidManifest.xml:60:13-36
70            <intent-filter>
70-->src\main\AndroidManifest.xml:61:13-65:29
71                <action android:name="android.intent.action.MAIN" />
71-->src\main\AndroidManifest.xml:62:17-69
71-->src\main\AndroidManifest.xml:62:25-66
72
73                <category android:name="android.intent.category.LAUNCHER" />
73-->src\main\AndroidManifest.xml:64:17-77
73-->src\main\AndroidManifest.xml:64:27-74
74            </intent-filter>
75        </activity>
76        <activity
76-->src\main\AndroidManifest.xml:67:9-69:40
77            android:name="com.techvista.apnajanver.Activity.MainActivity"
77-->src\main\AndroidManifest.xml:68:13-50
78            android:exported="false" />
78-->src\main\AndroidManifest.xml:69:13-37
79
80        <provider
80-->[androidx.emoji2:emoji2:1.2.0] AndroidManifest.xml:24:9-32:20
81            android:name="androidx.startup.InitializationProvider"
81-->[androidx.emoji2:emoji2:1.2.0] AndroidManifest.xml:25:13-67
82            android:authorities="com.techvista.apnajanver.androidx-startup"
82-->[androidx.emoji2:emoji2:1.2.0] AndroidManifest.xml:26:13-68
83            android:exported="false" >
83-->[androidx.emoji2:emoji2:1.2.0] AndroidManifest.xml:27:13-37
84            <meta-data
84-->[androidx.emoji2:emoji2:1.2.0] AndroidManifest.xml:29:13-31:52
85                android:name="androidx.emoji2.text.EmojiCompatInitializer"
85-->[androidx.emoji2:emoji2:1.2.0] AndroidManifest.xml:30:17-75
86                android:value="androidx.startup" />
86-->[androidx.emoji2:emoji2:1.2.0] AndroidManifest.xml:31:17-49
87            <meta-data
87-->[androidx.lifecycle:lifecycle-process:2.6.1] AndroidManifest.xml:29:13-31:52
88                android:name="androidx.lifecycle.ProcessLifecycleInitializer"
88-->[androidx.lifecycle:lifecycle-process:2.6.1] AndroidManifest.xml:30:17-78
89                android:value="androidx.startup" />
89-->[androidx.lifecycle:lifecycle-process:2.6.1] AndroidManifest.xml:31:17-49
90            <meta-data
90-->[androidx.profileinstaller:profileinstaller:1.3.0] AndroidManifest.xml:29:13-31:52
91                android:name="androidx.profileinstaller.ProfileInstallerInitializer"
91-->[androidx.profileinstaller:profileinstaller:1.3.0] AndroidManifest.xml:30:17-85
92                android:value="androidx.startup" />
92-->[androidx.profileinstaller:profileinstaller:1.3.0] AndroidManifest.xml:31:17-49
93        </provider>
94
95        <receiver
95-->[androidx.profileinstaller:profileinstaller:1.3.0] AndroidManifest.xml:34:9-52:20
96            android:name="androidx.profileinstaller.ProfileInstallReceiver"
96-->[androidx.profileinstaller:profileinstaller:1.3.0] AndroidManifest.xml:35:13-76
97            android:directBootAware="false"
97-->[androidx.profileinstaller:profileinstaller:1.3.0] AndroidManifest.xml:36:13-44
98            android:enabled="true"
98-->[androidx.profileinstaller:profileinstaller:1.3.0] AndroidManifest.xml:37:13-35
99            android:exported="true"
99-->[androidx.profileinstaller:profileinstaller:1.3.0] AndroidManifest.xml:38:13-36
100            android:permission="android.permission.DUMP" >
100-->[androidx.profileinstaller:profileinstaller:1.3.0] AndroidManifest.xml:39:13-57
101            <intent-filter>
101-->[androidx.profileinstaller:profileinstaller:1.3.0] AndroidManifest.xml:40:13-42:29
102                <action android:name="androidx.profileinstaller.action.INSTALL_PROFILE" />
102-->[androidx.profileinstaller:profileinstaller:1.3.0] AndroidManifest.xml:41:17-91
102-->[androidx.profileinstaller:profileinstaller:1.3.0] AndroidManifest.xml:41:25-88
103            </intent-filter>
104            <intent-filter>
104-->[androidx.profileinstaller:profileinstaller:1.3.0] AndroidManifest.xml:43:13-45:29
105                <action android:name="androidx.profileinstaller.action.SKIP_FILE" />
105-->[androidx.profileinstaller:profileinstaller:1.3.0] AndroidManifest.xml:44:17-85
105-->[androidx.profileinstaller:profileinstaller:1.3.0] AndroidManifest.xml:44:25-82
106            </intent-filter>
107            <intent-filter>
107-->[androidx.profileinstaller:profileinstaller:1.3.0] AndroidManifest.xml:46:13-48:29
108                <action android:name="androidx.profileinstaller.action.SAVE_PROFILE" />
108-->[androidx.profileinstaller:profileinstaller:1.3.0] AndroidManifest.xml:47:17-88
108-->[androidx.profileinstaller:profileinstaller:1.3.0] AndroidManifest.xml:47:25-85
109            </intent-filter>
110            <intent-filter>
110-->[androidx.profileinstaller:profileinstaller:1.3.0] AndroidManifest.xml:49:13-51:29
111                <action android:name="androidx.profileinstaller.action.BENCHMARK_OPERATION" />
111-->[androidx.profileinstaller:profileinstaller:1.3.0] AndroidManifest.xml:50:17-95
111-->[androidx.profileinstaller:profileinstaller:1.3.0] AndroidManifest.xml:50:25-92
112            </intent-filter>
113        </receiver>
114    </application>
115
116</manifest>